This is TeX, Version 3.14159 (Web2C 7.2) (INITEX)  16 DEC 2007 17:03
**\input latex.ltx \dump
(/sys/lib/texmf/tex/latex/base/latex.ltx
(/sys/lib/texmf/tex/latex/config/texsys.cfg)
\openout15 = `texsys.aux'.


./texsys.aux found


\@currdir set to: ./.


Assuming \openin and \input 
have the same search path.


Defining UNIX/DOS style filename parser.

catcodes, registers,
\maxdimen=\dimen10
\hideskip=\skip10
\p@=\dimen11
\z@=\dimen12
\z@skip=\skip11
\voidb@x=\box10
 compatibility for TeX 2,  parameters,
\normalbaselineskip=\skip12
\normallineskip=\skip13
\normallineskiplimit=\dimen13
\interfootnotelinepenalty=\count23
\strutbox=\box11


!!!!!!!!!!!!!!!!!!!!!!!!!!!!!!!!!!!!!!!!!!!!!!!!!!!!!!!!!!!!!!!!!!
! You are attempting to make a LaTeX format from a source file
! That is more than one year old.
!
! If you enter <return> to scroll past this message then the format
! will be built, but please consider obtaining newer source files
! before continuing to build LaTeX.
!
! LaTeX is re-issued every 6 months, in June and December.
!!!!!!!!!!!!!!!!!!!!!!!!!!!!!!!!!!!!!!!!!!!!!!!!!!!!!!!!!!!!!!!!!!

! LaTeX source files more than 1 year old!.
/sys/lib/texmf/tex/latex/base/latex.ltx:517: ...!}
                                                  
? 
! Emergency stop.
/sys/lib/texmf/tex/latex/base/latex.ltx:517: ...!}
                                                  
To avoid this error message, obtain new LaTeX sources.

No pages of output.
